[   624.652] (WW) Failed to open protocol names file lib/xorg/protocol.txt
[   624.652] 
X.Org X Server 1.20.13
X Protocol Version 11, Revision 0
[   624.653] Build Operating System: Linux Archlinux
[   624.653] Current Operating System: Linux testy 5.14.14-arch1-1 #1 SMP PREEMPT Wed, 20 Oct 2021 21:35:18 +0000 x86_64
[   624.653] Kernel command line: BOOT_IMAGE=/vmlinuz-linux root=UUID=e56b9f81-6a5d-4036-8f13-1dfd8c104348 rw loglevel=3 quiet
[   624.653] Build Date: 04 August 2021  08:13:54AM
[   624.653]  
[   624.653] Current version of pixman: 0.40.0
[   624.653] 	Before reporting problems, check http://wiki.x.org
	to make sure that you have the latest version.
[   624.653] Markers: (--) probed, (**) from config file, (==) default setting,
	(++) from command line, (!!) notice, (II) informational,
	(WW) warning, (EE) error, (NI) not implemented, (??) unknown.
[   624.654] (==) Log file: "/home/dorian/.local/share/xorg/Xorg.0.log", Time: Sun Oct 24 19:44:54 2021
[   624.654] (==) Using system config directory "/usr/share/X11/xorg.conf.d"
[   624.654] (==) No Layout section.  Using the first Screen section.
[   624.654] (==) No screen section available. Using defaults.
[   624.654] (**) |-->Screen "Default Screen Section" (0)
[   624.654] (**) |   |-->Monitor "<default monitor>"
[   624.655] (==) No monitor specified for screen "Default Screen Section".
	Using a default monitor configuration.
[   624.655] (==) Automatically adding devices
[   624.655] (==) Automatically enabling devices
[   624.655] (==) Automatically adding GPU devices
[   624.655] (==) Automatically binding GPU devices
[   624.655] (==) Max clients allowed: 256, resource mask: 0x1fffff
[   624.655] (WW) `fonts.dir' not found (or not valid) in "/usr/share/fonts/misc".
[   624.655] 	Entry deleted from font path.
[   624.655] 	(Run 'mkfontdir' on "/usr/share/fonts/misc").
[   624.655] (WW) The directory "/usr/share/fonts/TTF" does not exist.
[   624.655] 	Entry deleted from font path.
[   624.655] (WW) The directory "/usr/share/fonts/OTF" does not exist.
[   624.655] 	Entry deleted from font path.
[   624.655] (WW) The directory "/usr/share/fonts/Type1" does not exist.
[   624.655] 	Entry deleted from font path.
[   624.655] (WW) The directory "/usr/share/fonts/100dpi" does not exist.
[   624.655] 	Entry deleted from font path.
[   624.655] (WW) The directory "/usr/share/fonts/75dpi" does not exist.
[   624.655] 	Entry deleted from font path.
[   624.655] (==) FontPath set to:
	
[   624.655] (==) ModulePath set to "/usr/lib/xorg/modules"
[   624.655] (II) The server relies on udev to provide the list of input devices.
	If no devices become available, reconfigure udev or disable AutoAddDevices.
[   624.655] (II) Module ABI versions:
[   624.655] 	X.Org ANSI C Emulation: 0.4
[   624.655] 	X.Org Video Driver: 24.1
[   624.655] 	X.Org XInput driver : 24.1
[   624.655] 	X.Org Server Extension : 10.0
[   624.656] (++) using VT number 1

[   624.658] (II) systemd-logind: took control of session /org/freedesktop/login1/session/_312
[   624.659] (II) xfree86: Adding drm device (/dev/dri/card0)
[   624.660] (II) systemd-logind: got fd for /dev/dri/card0 226:0 fd 10 paused 0
[   624.666] (--) PCI:*(0@0:2:0) 8086:2a42:1028:0401 rev 7, Mem @ 0xf6c00000/4194304, 0xe0000000/268435456, I/O @ 0x0000efe8/8, BIOS @ 0x????????/131072
[   624.666] (--) PCI: (0@0:2:1) 8086:2a43:1028:0401 rev 7, Mem @ 0xf6b00000/1048576
[   624.666] (WW) Open ACPI failed (/var/run/acpid.socket) (No such file or directory)
[   624.666] (II) LoadModule: "glx"
[   624.667] (II) Loading /usr/lib/xorg/modules/extensions/libglx.so
[   624.669] (II) Module glx: vendor="X.Org Foundation"
[   624.669] 	compiled for 1.20.13, module version = 1.0.0
[   624.669] 	ABI class: X.Org Server Extension, version 10.0
[   624.669] (==) Matched intel as autoconfigured driver 0
[   624.669] (==) Matched modesetting as autoconfigured driver 1
[   624.669] (==) Matched fbdev as autoconfigured driver 2
[   624.669] (==) Matched vesa as autoconfigured driver 3
[   624.669] (==) Assigned the driver to the xf86ConfigLayout
[   624.669] (II) LoadModule: "intel"
[   624.669] (WW) Warning, couldn't open module intel
[   624.669] (EE) Failed to load module "intel" (module does not exist, 0)
[   624.669] (II) LoadModule: "modesetting"
[   624.669] (II) Loading /usr/lib/xorg/modules/drivers/modesetting_drv.so
[   624.670] (II) Module modesetting: vendor="X.Org Foundation"
[   624.670] 	compiled for 1.20.13, module version = 1.20.13
[   624.670] 	Module class: X.Org Video Driver
[   624.670] 	ABI class: X.Org Video Driver, version 24.1
[   624.670] (II) LoadModule: "fbdev"
[   624.670] (WW) Warning, couldn't open module fbdev
[   624.670] (EE) Failed to load module "fbdev" (module does not exist, 0)
[   624.670] (II) LoadModule: "vesa"
[   624.671] (WW) Warning, couldn't open module vesa
[   624.671] (EE) Failed to load module "vesa" (module does not exist, 0)
[   624.671] (II) modesetting: Driver for Modesetting Kernel Drivers: kms
[   624.671] (II) modeset(0): using drv /dev/dri/card0
[   624.671] (WW) VGA arbiter: cannot open kernel arbiter, no multi-card support
[   624.671] (II) modeset(0): Creating default Display subsection in Screen section
	"Default Screen Section" for depth/fbbpp 24/32
[   624.671] (==) modeset(0): Depth 24, (==) framebuffer bpp 32
[   624.671] (==) modeset(0): RGB weight 888
[   624.671] (==) modeset(0): Default visual is TrueColor
[   624.671] (II) Loading sub module "glamoregl"
[   624.671] (II) LoadModule: "glamoregl"
[   624.671] (II) Loading /usr/lib/xorg/modules/libglamoregl.so
[   624.676] (II) Module glamoregl: vendor="X.Org Foundation"
[   624.676] 	compiled for 1.20.13, module version = 1.0.1
[   624.676] 	ABI class: X.Org ANSI C Emulation, version 0.4
[   624.701] (II) modeset(0): glamor X acceleration enabled on Mesa DRI Mobile IntelÂ® GM45 Express Chipset (CTG)
[   624.701] (II) modeset(0): glamor initialized
[   624.701] (II) modeset(0): Output LVDS-1 has no monitor section
[   624.711] (II) modeset(0): Output VGA-1 has no monitor section
[   624.711] (II) modeset(0): Output DP-1 has no monitor section
[   624.711] (II) modeset(0): EDID for output LVDS-1
[   624.711] (II) modeset(0): Manufacturer: INL  Model: f  Serial#: 0
[   624.711] (II) modeset(0): Year: 2009  Week: 0
[   624.711] (II) modeset(0): EDID Version: 1.3
[   624.711] (II) modeset(0): Digital Display Input
[   624.711] (II) modeset(0): Max Image Size [cm]: horiz.: 31  vert.: 17
[   624.711] (II) modeset(0): Gamma: 2.20
[   624.711] (II) modeset(0): No DPMS capabilities specified
[   624.711] (II) modeset(0): Supported color encodings: RGB 4:4:4 YCrCb 4:4:4 
[   624.711] (II) modeset(0): First detailed timing is preferred mode
[   624.711] (II) modeset(0): redX: 0.620 redY: 0.340   greenX: 0.330 greenY: 0.605
[   624.711] (II) modeset(0): blueX: 0.150 blueY: 0.070   whiteX: 0.313 whiteY: 0.329
[   624.711] (II) modeset(0): Manufacturer's mask: 0
[   624.711] (II) modeset(0): Supported detailed timing:
[   624.711] (II) modeset(0): clock: 71.1 MHz   Image Size:  309 x 174 mm
[   624.711] (II) modeset(0): h_active: 1366  h_sync: 1397  h_sync_end 1418 h_blank_end 1493 h_border: 0
[   624.711] (II) modeset(0): v_active: 768  v_sync: 771  v_sync_end 775 v_blanking: 793 v_border: 0
[   624.711] (II) modeset(0): Supported detailed timing:
[   624.711] (II) modeset(0): clock: 71.1 MHz   Image Size:  309 x 174 mm
[   624.711] (II) modeset(0): h_active: 1366  h_sync: 1397  h_sync_end 1418 h_blank_end 1493 h_border: 0
[   624.711] (II) modeset(0): v_active: 768  v_sync: 771  v_sync_end 775 v_blanking: 793 v_border: 0
[   624.711] (II) modeset(0):  T920R€140GW02
[   624.711] (II) modeset(0): Unknown vendor-specific block 0
[   624.711] (II) modeset(0): EDID (in hex):
[   624.711] (II) modeset(0): 	00ffffffffffff0025cc0f0000000000
[   624.711] (II) modeset(0): 	00130103901f11780ac8859e57549b26
[   624.711] (II) modeset(0): 	12505400000001010101010101010101
[   624.711] (II) modeset(0): 	010101010101c61b567f500019301f15
[   624.711] (II) modeset(0): 	340035ae1000001ac61b567f50001930
[   624.711] (II) modeset(0): 	1f15340035ae10000000000000fe0054
[   624.711] (II) modeset(0): 	39323052803134304757303200000000
[   624.712] (II) modeset(0): 	00000000000000000001010a20200082
[   624.712] (II) modeset(0): Printing probed modes for output LVDS-1
[   624.712] (II) modeset(0): Modeline "1366x768"x60.1   71.10  1366 1397 1418 1493  768 771 775 793 +hsync -vsync (47.6 kHz eP)
[   624.712] (II) modeset(0): Modeline "1366x768"x60.1   71.10  1366 1397 1418 1493  768 771 775 793 -hsync -vsync (47.6 kHz e)
[   624.712] (II) modeset(0): Modeline "1280x720"x120.0  156.12  1280 1376 1512 1744  720 721 724 746 doublescan -hsync +vsync (89.5 kHz d)
[   624.712] (II) modeset(0): Modeline "1280x720"x120.0  120.75  1280 1304 1320 1360  720 721 724 740 doublescan +hsync -vsync (88.8 kHz d)
[   624.712] (II) modeset(0): Modeline "1280x720"x59.9   74.50  1280 1344 1472 1664  720 723 728 748 -hsync +vsync (44.8 kHz d)
[   624.712] (II) modeset(0): Modeline "1280x720"x59.7   63.75  1280 1328 1360 1440  720 723 728 741 +hsync -vsync (44.3 kHz d)
[   624.712] (II) modeset(0): Modeline "1024x768"x120.1  133.47  1024 1100 1212 1400  768 768 770 794 doublescan -hsync +vsync (95.3 kHz d)
[   624.712] (II) modeset(0): Modeline "1024x768"x60.0   65.00  1024 1048 1184 1344  768 771 777 806 -hsync -vsync (48.4 kHz d)
[   624.712] (II) modeset(0): Modeline "960x720"x120.0  117.00  960 1024 1128 1300  720 720 722 750 doublescan -hsync +vsync (90.0 kHz d)
[   624.712] (II) modeset(0): Modeline "928x696"x120.1  109.15  928 976 1088 1264  696 696 698 719 doublescan -hsync +vsync (86.4 kHz d)
[   624.712] (II) modeset(0): Modeline "896x672"x120.0  102.40  896 960 1060 1224  672 672 674 697 doublescan -hsync +vsync (83.7 kHz d)
[   624.712] (II) modeset(0): Modeline "1024x576"x119.9   98.50  1024 1092 1200 1376  576 577 580 597 doublescan -hsync +vsync (71.6 kHz d)
[   624.712] (II) modeset(0): Modeline "1024x576"x119.9   78.38  1024 1048 1064 1104  576 577 580 592 doublescan +hsync -vsync (71.0 kHz d)
[   624.712] (II) modeset(0): Modeline "1024x576"x59.9   46.50  1024 1064 1160 1296  576 579 584 599 -hsync +vsync (35.9 kHz d)
[   624.712] (II) modeset(0): Modeline "1024x576"x59.8   42.00  1024 1072 1104 1184  576 579 584 593 +hsync -vsync (35.5 kHz d)
[   624.712] (II) modeset(0): Modeline "960x600"x119.9   96.62  960 1028 1128 1296  600 601 604 622 doublescan -hsync +vsync (74.6 kHz d)
[   624.712] (II) modeset(0): Modeline "960x600"x120.0   77.00  960 984 1000 1040  600 601 604 617 doublescan +hsync -vsync (74.0 kHz d)
[   624.712] (II) modeset(0): Modeline "960x540"x119.9   86.50  960 1024 1124 1288  540 541 544 560 doublescan -hsync +vsync (67.2 kHz d)
[   624.712] (II) modeset(0): Modeline "960x540"x120.0   69.25  960 984 1000 1040  540 541 544 555 doublescan +hsync -vsync (66.6 kHz d)
[   624.712] (II) modeset(0): Modeline "960x540"x59.6   40.75  960 992 1088 1216  540 543 548 562 -hsync +vsync (33.5 kHz d)
[   624.712] (II) modeset(0): Modeline "960x540"x59.8   37.25  960 1008 1040 1120  540 543 548 556 +hsync -vsync (33.3 kHz d)
[   624.712] (II) modeset(0): Modeline "800x600"x120.0   81.00  800 832 928 1080  600 600 602 625 doublescan +hsync +vsync (75.0 kHz d)
[   624.712] (II) modeset(0): Modeline "800x600"x60.3   40.00  800 840 968 1056  600 601 605 628 +hsync +vsync (37.9 kHz d)
[   624.712] (II) modeset(0): Modeline "800x600"x56.2   36.00  800 824 896 1024  600 601 603 625 +hsync +vsync (35.2 kHz d)
[   624.712] (II) modeset(0): Modeline "840x525"x120.0   73.12  840 892 980 1120  525 526 529 544 doublescan -hsync +vsync (65.3 kHz d)
[   624.712] (II) modeset(0): Modeline "840x525"x119.8   59.50  840 864 880 920  525 526 529 540 doublescan +hsync -vsync (64.7 kHz d)
[   624.712] (II) modeset(0): Modeline "864x486"x59.9   32.50  864 888 968 1072  486 489 494 506 -hsync +vsync (30.3 kHz d)
[   624.712] (II) modeset(0): Modeline "864x486"x59.6   30.50  864 912 944 1024  486 489 494 500 +hsync -vsync (29.8 kHz d)
[   624.712] (II) modeset(0): Modeline "700x525"x120.0   61.00  700 744 820 940  525 526 532 541 doublescan +hsync +vsync (64.9 kHz d)
[   624.712] (II) modeset(0): Modeline "800x450"x119.9   59.12  800 848 928 1056  450 451 454 467 doublescan -hsync +vsync (56.0 kHz d)
[   624.712] (II) modeset(0): Modeline "800x450"x119.6   48.75  800 824 840 880  450 451 454 463 doublescan +hsync -vsync (55.4 kHz d)
[   624.712] (II) modeset(0): Modeline "640x512"x120.0   54.00  640 664 720 844  512 512 514 533 doublescan +hsync +vsync (64.0 kHz d)
[   624.712] (II) modeset(0): Modeline "700x450"x119.9   51.75  700 740 812 924  450 451 456 467 doublescan -hsync +vsync (56.0 kHz d)
[   624.712] (II) modeset(0): Modeline "700x450"x119.8   43.25  700 724 740 780  450 451 456 463 doublescan +hsync -vsync (55.4 kHz d)
[   624.712] (II) modeset(0): Modeline "640x480"x120.0   54.00  640 688 744 900  480 480 482 500 doublescan +hsync +vsync (60.0 kHz d)
[   624.712] (II) modeset(0): Modeline "640x480"x59.9   25.18  640 656 752 800  480 490 492 525 -hsync -vsync (31.5 kHz d)
[   624.713] (II) modeset(0): Modeline "720x405"x59.5   22.50  720 744 808 896  405 408 413 422 -hsync +vsync (25.1 kHz d)
[   624.713] (II) modeset(0): Modeline "720x405"x59.0   21.75  720 768 800 880  405 408 413 419 +hsync -vsync (24.7 kHz d)
[   624.713] (II) modeset(0): Modeline "684x384"x119.8   42.62  684 720 788 892  384 385 390 399 doublescan -hsync +vsync (47.8 kHz d)
[   624.713] (II) modeset(0): Modeline "684x384"x119.7   36.12  684 708 724 764  384 385 390 395 doublescan +hsync -vsync (47.3 kHz d)
[   624.713] (II) modeset(0): Modeline "640x400"x119.8   41.75  640 676 740 840  400 401 404 415 doublescan -hsync +vsync (49.7 kHz d)
[   624.713] (II) modeset(0): Modeline "640x400"x120.0   35.50  640 664 680 720  400 401 404 411 doublescan +hsync -vsync (49.3 kHz d)
[   624.713] (II) modeset(0): Modeline "640x360"x119.7   37.25  640 672 736 832  360 361 364 374 doublescan -hsync +vsync (44.8 kHz d)
[   624.713] (II) modeset(0): Modeline "640x360"x119.7   31.88  640 664 680 720  360 361 364 370 doublescan +hsync -vsync (44.3 kHz d)
[   624.713] (II) modeset(0): Modeline "640x360"x59.8   18.00  640 664 720 800  360 363 368 376 -hsync +vsync (22.5 kHz d)
[   624.713] (II) modeset(0): Modeline "640x360"x59.3   17.75  640 688 720 800  360 363 368 374 +hsync -vsync (22.2 kHz d)
[   624.713] (II) modeset(0): Modeline "512x384"x120.0   32.50  512 524 592 672  384 385 388 403 doublescan -hsync -vsync (48.4 kHz d)
[   624.713] (II) modeset(0): Modeline "512x288"x120.0   23.25  512 532 580 648  288 289 292 299 doublescan -hsync +vsync (35.9 kHz d)
[   624.713] (II) modeset(0): Modeline "512x288"x119.8   21.00  512 536 552 592  288 289 292 296 doublescan +hsync -vsync (35.5 kHz d)
[   624.713] (II) modeset(0): Modeline "480x270"x119.3   20.38  480 496 544 608  270 271 274 281 doublescan -hsync +vsync (33.5 kHz d)
[   624.713] (II) modeset(0): Modeline "480x270"x119.6   18.62  480 504 520 560  270 271 274 278 doublescan +hsync -vsync (33.3 kHz d)
[   624.713] (II) modeset(0): Modeline "400x300"x120.6   20.00  400 420 484 528  300 300 302 314 doublescan +hsync +vsync (37.9 kHz d)
[   624.713] (II) modeset(0): Modeline "400x300"x112.7   18.00  400 412 448 512  300 300 301 312 doublescan +hsync +vsync (35.2 kHz d)
[   624.713] (II) modeset(0): Modeline "432x243"x119.8   16.25  432 444 484 536  243 244 247 253 doublescan -hsync +vsync (30.3 kHz d)
[   624.713] (II) modeset(0): Modeline "432x243"x119.1   15.25  432 456 472 512  243 244 247 250 doublescan +hsync -vsync (29.8 kHz d)
[   624.713] (II) modeset(0): Modeline "320x240"x120.1   12.59  320 328 376 400  240 245 246 262 doublescan -hsync -vsync (31.5 kHz d)
[   624.713] (II) modeset(0): Modeline "360x202"x119.0   11.25  360 372 404 448  202 204 206 211 doublescan -hsync +vsync (25.1 kHz d)
[   624.713] (II) modeset(0): Modeline "360x202"x118.3   10.88  360 384 400 440  202 204 206 209 doublescan +hsync -vsync (24.7 kHz d)
[   624.713] (II) modeset(0): Modeline "320x180"x119.7    9.00  320 332 360 400  180 181 184 188 doublescan -hsync +vsync (22.5 kHz d)
[   624.713] (II) modeset(0): Modeline "320x180"x118.6    8.88  320 344 360 400  180 181 184 187 doublescan +hsync -vsync (22.2 kHz d)
[   624.727] (II) modeset(0): EDID for output VGA-1
[   624.727] (II) modeset(0): EDID for output DP-1
[   624.727] (II) modeset(0): Output LVDS-1 connected
[   624.727] (II) modeset(0): Output VGA-1 disconnected
[   624.727] (II) modeset(0): Output DP-1 disconnected
[   624.727] (II) modeset(0): Using exact sizes for initial modes
[   624.727] (II) modeset(0): Output LVDS-1 using initial mode 1366x768 +0+0
[   624.727] (==) modeset(0): Using gamma correction (1.0, 1.0, 1.0)
[   624.727] (==) modeset(0): DPI set to (96, 96)
[   624.727] (II) Loading sub module "fb"
[   624.727] (II) LoadModule: "fb"
[   624.727] (II) Loading /usr/lib/xorg/modules/libfb.so
[   624.727] (II) Module fb: vendor="X.Org Foundation"
[   624.727] 	compiled for 1.20.13, module version = 1.0.0
[   624.728] 	ABI class: X.Org ANSI C Emulation, version 0.4
[   624.746] (==) modeset(0): Backing store enabled
[   624.746] (==) modeset(0): Silken mouse disabled
[   624.773] (II) modeset(0): Initializing kms color map for depth 24, 8 bpc.
[   624.773] (==) modeset(0): DPMS enabled
[   624.773] (II) modeset(0): [DRI2] Setup complete
[   624.773] (II) modeset(0): [DRI2]   DRI driver: i965
[   624.773] (II) modeset(0): [DRI2]   VDPAU driver: va_gl
[   624.773] (II) Initializing extension Generic Event Extension
[   624.773] (II) Initializing extension SHAPE
[   624.773] (II) Initializing extension MIT-SHM
[   624.773] (II) Initializing extension XInputExtension
[   624.773] (II) Initializing extension XTEST
[   624.773] (II) Initializing extension BIG-REQUESTS
[   624.773] (II) Initializing extension SYNC
[   624.773] (II) Initializing extension XKEYBOARD
[   624.773] (II) Initializing extension XC-MISC
[   624.773] (II) Initializing extension SECURITY
[   624.773] (II) Initializing extension XFIXES
[   624.773] (II) Initializing extension RENDER
[   624.773] (II) Initializing extension RANDR
[   624.773] (II) Initializing extension COMPOSITE
[   624.773] (II) Initializing extension DAMAGE
[   624.773] (II) Initializing extension MIT-SCREEN-SAVER
[   624.773] (II) Initializing extension DOUBLE-BUFFER
[   624.774] (II) Initializing extension RECORD
[   624.774] (II) Initializing extension DPMS
[   624.774] (II) Initializing extension Present
[   624.774] (II) Initializing extension DRI3
[   624.774] (II) Initializing extension X-Resource
[   624.774] (II) Initializing extension XVideo
[   624.774] (II) Initializing extension XVideo-MotionCompensation
[   624.774] (II) Initializing extension GLX
[   624.779] (II) AIGLX: Loaded and initialized i965
[   624.779] (II) GLX: Initialized DRI2 GL provider for screen 0
[   624.779] (II) Initializing extension XFree86-VidModeExtension
[   624.779] (II) Initializing extension XFree86-DGA
[   624.779] (II) Initializing extension XFree86-DRI
[   624.779] (II) Initializing extension DRI2
[   624.780] (II) modeset(0): Damage tracking initialized
[   624.780] (II) modeset(0): Setting screen physical size to 361 x 203
[   624.850] (II) config/udev: Adding input device Video Bus (/dev/input/event10)
[   624.850] (**) Video Bus: Applying InputClass "libinput keyboard catchall"
[   624.850] (II) LoadModule: "libinput"
[   624.850] (II) Loading /usr/lib/xorg/modules/input/libinput_drv.so
[   624.853] (II) Module libinput: vendor="X.Org Foundation"
[   624.853] 	compiled for 1.20.13, module version = 1.2.0
[   624.853] 	Module class: X.Org XInput Driver
[   624.853] 	ABI class: X.Org XInput driver, version 24.1
[   624.853] (II) Using input driver 'libinput' for 'Video Bus'
[   624.854] (II) systemd-logind: got fd for /dev/input/event10 13:74 fd 15 paused 0
[   624.854] (**) Video Bus: always reports core events
[   624.854] (**) Option "Device" "/dev/input/event10"
[   624.854] (**) Option "_source" "server/udev"
[   624.859] (II) event10 - Video Bus: is tagged by udev as: Keyboard
[   624.859] (II) event10 - Video Bus: device is a keyboard
[   624.859] (II) event10 - Video Bus: device removed
[   624.859] (**) Option "config_info" "udev:/sys/devices/LNXSYSTM:00/LNXSYBUS:00/PNP0A03:00/LNXVIDEO:00/input/input11/event10"
[   624.859] (II) XINPUT: Adding extended input device "Video Bus" (type: KEYBOARD, id 6)
[   624.861] (II) event10 - Video Bus: is tagged by udev as: Keyboard
[   624.861] (II) event10 - Video Bus: device is a keyboard
[   624.862] (II) config/udev: Adding input device Power Button (/dev/input/event1)
[   624.862] (**) Power Button: Applying InputClass "libinput keyboard catchall"
[   624.862] (II) Using input driver 'libinput' for 'Power Button'
[   624.863] (II) systemd-logind: got fd for /dev/input/event1 13:65 fd 18 paused 0
[   624.863] (**) Power Button: always reports core events
[   624.863] (**) Option "Device" "/dev/input/event1"
[   624.863] (**) Option "_source" "server/udev"
[   624.865] (II) event1  - Power Button: is tagged by udev as: Keyboard
[   624.865] (II) event1  - Power Button: device is a keyboard
[   624.865] (II) event1  - Power Button: device removed
[   624.865] (**) Option "config_info" "udev:/sys/devices/LNXSYSTM:00/LNXSYBUS:00/PNP0C0C:00/input/input1/event1"
[   624.865] (II) XINPUT: Adding extended input device "Power Button" (type: KEYBOARD, id 7)
[   624.866] (II) event1  - Power Button: is tagged by udev as: Keyboard
[   624.867] (II) event1  - Power Button: device is a keyboard
[   624.868] (II) config/udev: Adding input device Lid Switch (/dev/input/event0)
[   624.868] (II) No input driver specified, ignoring this device.
[   624.868] (II) This device may have been added with another device file.
[   624.868] (II) config/udev: Adding input device Sleep Button (/dev/input/event2)
[   624.868] (**) Sleep Button: Applying InputClass "libinput keyboard catchall"
[   624.868] (II) Using input driver 'libinput' for 'Sleep Button'
[   624.870] (II) systemd-logind: got fd for /dev/input/event2 13:66 fd 19 paused 0
[   624.870] (**) Sleep Button: always reports core events
[   624.870] (**) Option "Device" "/dev/input/event2"
[   624.870] (**) Option "_source" "server/udev"
[   624.871] (II) event2  - Sleep Button: is tagged by udev as: Keyboard
[   624.871] (II) event2  - Sleep Button: device is a keyboard
[   624.871] (II) event2  - Sleep Button: device removed
[   624.871] (**) Option "config_info" "udev:/sys/devices/LNXSYSTM:00/LNXSYBUS:00/PNP0C0E:00/input/input2/event2"
[   624.871] (II) XINPUT: Adding extended input device "Sleep Button" (type: KEYBOARD, id 8)
[   624.873] (II) event2  - Sleep Button: is tagged by udev as: Keyboard
[   624.873] (II) event2  - Sleep Button: device is a keyboard
[   624.874] (II) config/udev: Adding input device HDA Intel Mic (/dev/input/event5)
[   624.874] (II) No input driver specified, ignoring this device.
[   624.874] (II) This device may have been added with another device file.
[   624.875] (II) config/udev: Adding input device HDA Intel Headphone (/dev/input/event6)
[   624.875] (II) No input driver specified, ignoring this device.
[   624.875] (II) This device may have been added with another device file.
[   624.876] (II) config/udev: Adding input device Integrated_Webcam_2M: Integrate (/dev/input/event8)
[   624.876] (**) Integrated_Webcam_2M: Integrate: Applying InputClass "libinput keyboard catchall"
[   624.876] (II) Using input driver 'libinput' for 'Integrated_Webcam_2M: Integrate'
[   624.877] (II) systemd-logind: got fd for /dev/input/event8 13:72 fd 20 paused 0
[   624.877] (**) Integrated_Webcam_2M: Integrate: always reports core events
[   624.877] (**) Option "Device" "/dev/input/event8"
[   624.877] (**) Option "_source" "server/udev"
[   624.879] (II) event8  - Integrated_Webcam_2M: Integrate: is tagged by udev as: Keyboard
[   624.879] (II) event8  - Integrated_Webcam_2M: Integrate: device is a keyboard
[   624.880] (II) event8  - Integrated_Webcam_2M: Integrate: device removed
[   624.880] (**) Option "config_info" "udev:/sys/devices/pci0000:00/0000:00:1d.7/usb2/2-5/2-5:1.0/input/input10/event8"
[   624.880] (II) XINPUT: Adding extended input device "Integrated_Webcam_2M: Integrate" (type: KEYBOARD, id 9)
[   624.882] (II) event8  - Integrated_Webcam_2M: Integrate: is tagged by udev as: Keyboard
[   624.882] (II) event8  - Integrated_Webcam_2M: Integrate: device is a keyboard
[   624.883] (II) config/udev: Adding input device Dell WMI hotkeys (/dev/input/event7)
[   624.883] (**) Dell WMI hotkeys: Applying InputClass "libinput keyboard catchall"
[   624.883] (II) Using input driver 'libinput' for 'Dell WMI hotkeys'
[   624.884] (II) systemd-logind: got fd for /dev/input/event7 13:71 fd 21 paused 0
[   624.885] (**) Dell WMI hotkeys: always reports core events
[   624.885] (**) Option "Device" "/dev/input/event7"
[   624.885] (**) Option "_source" "server/udev"
[   624.886] (II) event7  - Dell WMI hotkeys: is tagged by udev as: Keyboard
[   624.887] (II) event7  - Dell WMI hotkeys: device is a keyboard
[   624.887] (II) event7  - Dell WMI hotkeys: device removed
[   624.887] (**) Option "config_info" "udev:/sys/devices/platform/PNP0C14:00/wmi_bus/wmi_bus-PNP0C14:00/9DBB5994-A997-11DA-B012-B622A1EF5492/input/input9/event7"
[   624.887] (II) XINPUT: Adding extended input device "Dell WMI hotkeys" (type: KEYBOARD, id 10)
[   624.889] (II) event7  - Dell WMI hotkeys: is tagged by udev as: Keyboard
[   624.889] (II) event7  - Dell WMI hotkeys: device is a keyboard
[   624.891] (II) config/udev: Adding input device AT Translated Set 2 keyboard (/dev/input/event3)
[   624.891] (**) AT Translated Set 2 keyboard: Applying InputClass "libinput keyboard catchall"
[   624.891] (II) Using input driver 'libinput' for 'AT Translated Set 2 keyboard'
[   624.892] (II) systemd-logind: got fd for /dev/input/event3 13:67 fd 22 paused 0
[   624.892] (**) AT Translated Set 2 keyboard: always reports core events
[   624.892] (**) Option "Device" "/dev/input/event3"
[   624.892] (**) Option "_source" "server/udev"
[   624.894] (II) event3  - AT Translated Set 2 keyboard: is tagged by udev as: Keyboard
[   624.894] (II) event3  - AT Translated Set 2 keyboard: device is a keyboard
[   624.895] (II) event3  - AT Translated Set 2 keyboard: device removed
[   624.895] (**) Option "config_info" "udev:/sys/devices/platform/i8042/serio0/input/input3/event3"
[   624.895] (II) XINPUT: Adding extended input device "AT Translated Set 2 keyboard" (type: KEYBOARD, id 11)
[   624.896] (II) event3  - AT Translated Set 2 keyboard: is tagged by udev as: Keyboard
[   624.897] (II) event3  - AT Translated Set 2 keyboard: device is a keyboard
[   624.898] (II) config/udev: Adding input device AlpsPS/2 ALPS GlidePoint (/dev/input/event9)
[   624.899] (**) AlpsPS/2 ALPS GlidePoint: Applying InputClass "libinput touchpad catchall"
[   624.899] (II) Using input driver 'libinput' for 'AlpsPS/2 ALPS GlidePoint'
[   624.900] (II) systemd-logind: got fd for /dev/input/event9 13:73 fd 23 paused 0
[   624.900] (**) AlpsPS/2 ALPS GlidePoint: always reports core events
[   624.900] (**) Option "Device" "/dev/input/event9"
[   624.900] (**) Option "_source" "server/udev"
[   624.901] (II) event9  - AlpsPS/2 ALPS GlidePoint: is tagged by udev as: Touchpad
[   624.902] (II) event9  - AlpsPS/2 ALPS GlidePoint: no resolution or size hints, assuming a size of 69x50mm
[   624.903] (II) event9  - AlpsPS/2 ALPS GlidePoint: device is a touchpad
[   624.904] (II) event9  - AlpsPS/2 ALPS GlidePoint: device removed
[   624.904] (**) Option "config_info" "udev:/sys/devices/platform/i8042/serio1/input/input6/event9"
[   624.905] (II) XINPUT: Adding extended input device "AlpsPS/2 ALPS GlidePoint" (type: TOUCHPAD, id 12)
[   624.906] (**) Option "AccelerationScheme" "none"
[   624.906] (**) AlpsPS/2 ALPS GlidePoint: (accel) selected scheme none/0
[   624.906] (**) AlpsPS/2 ALPS GlidePoint: (accel) acceleration factor: 2.000
[   624.906] (**) AlpsPS/2 ALPS GlidePoint: (accel) acceleration threshold: 4
[   624.907] (II) event9  - AlpsPS/2 ALPS GlidePoint: is tagged by udev as: Touchpad
[   624.908] (II) event9  - AlpsPS/2 ALPS GlidePoint: no resolution or size hints, assuming a size of 69x50mm
[   624.909] (II) event9  - AlpsPS/2 ALPS GlidePoint: device is a touchpad
[   624.910] (II) config/udev: Adding input device AlpsPS/2 ALPS GlidePoint (/dev/input/mouse0)
[   624.910] (II) No input driver specified, ignoring this device.
[   624.910] (II) This device may have been added with another device file.
[   624.911] (II) config/udev: Adding input device PC Speaker (/dev/input/event4)
[   624.911] (II) No input driver specified, ignoring this device.
[   624.911] (II) This device may have been added with another device file.
[   625.305] (II) modeset(0): EDID vendor "INL", prod id 15
[   625.305] (II) modeset(0): DDCModeFromDetailedTiming: 1366x768 Warning: We only handle separate sync.
[   625.305] (II) modeset(0): Printing DDC gathered Modelines:
[   625.305] (II) modeset(0): Modeline "1366x768"x0.0   71.10  1366 1397 1418 1493  768 771 775 793 +hsync -vsync (47.6 kHz eP)
[   625.305] (II) modeset(0): Modeline "1366x768"x0.0   71.10  1366 1397 1418 1493  768 771 775 793 -hsync -vsync (47.6 kHz e)
