[ 17570.916] (WW) Failed to open protocol names file lib/xorg/protocol.txt
[ 17570.917] 
X.Org X Server 1.20.13
X Protocol Version 11, Revision 0
[ 17570.917] Build Operating System: Linux Archlinux
[ 17570.917] Current Operating System: Linux testy 5.14.14-arch1-1 #1 SMP PREEMPT Wed, 20 Oct 2021 21:35:18 +0000 x86_64
[ 17570.917] Kernel command line: BOOT_IMAGE=/vmlinuz-linux root=UUID=e56b9f81-6a5d-4036-8f13-1dfd8c104348 rw loglevel=3 quiet
[ 17570.917] Build Date: 04 August 2021  08:13:54AM
[ 17570.917]  
[ 17570.917] Current version of pixman: 0.40.0
[ 17570.917] 	Before reporting problems, check http://wiki.x.org
	to make sure that you have the latest version.
[ 17570.917] Markers: (--) probed, (**) from config file, (==) default setting,
	(++) from command line, (!!) notice, (II) informational,
	(WW) warning, (EE) error, (NI) not implemented, (??) unknown.
[ 17570.918] (==) Log file: "/home/dorian/.local/share/xorg/Xorg.1.log", Time: Sun Oct 24 01:18:54 2021
[ 17570.918] (==) Using system config directory "/usr/share/X11/xorg.conf.d"
[ 17570.918] (==) No Layout section.  Using the first Screen section.
[ 17570.918] (==) No screen section available. Using defaults.
[ 17570.918] (**) |-->Screen "Default Screen Section" (0)
[ 17570.918] (**) |   |-->Monitor "<default monitor>"
[ 17570.919] (==) No monitor specified for screen "Default Screen Section".
	Using a default monitor configuration.
[ 17570.919] (==) Automatically adding devices
[ 17570.919] (==) Automatically enabling devices
[ 17570.919] (==) Automatically adding GPU devices
[ 17570.919] (==) Automatically binding GPU devices
[ 17570.919] (==) Max clients allowed: 256, resource mask: 0x1fffff
[ 17570.919] (WW) The directory "/usr/share/fonts/misc" does not exist.
[ 17570.919] 	Entry deleted from font path.
[ 17570.919] (WW) The directory "/usr/share/fonts/TTF" does not exist.
[ 17570.919] 	Entry deleted from font path.
[ 17570.919] (WW) The directory "/usr/share/fonts/OTF" does not exist.
[ 17570.919] 	Entry deleted from font path.
[ 17570.919] (WW) The directory "/usr/share/fonts/Type1" does not exist.
[ 17570.919] 	Entry deleted from font path.
[ 17570.919] (WW) The directory "/usr/share/fonts/100dpi" does not exist.
[ 17570.919] 	Entry deleted from font path.
[ 17570.919] (WW) The directory "/usr/share/fonts/75dpi" does not exist.
[ 17570.919] 	Entry deleted from font path.
[ 17570.919] (==) FontPath set to:
	
[ 17570.919] (==) ModulePath set to "/usr/lib/xorg/modules"
[ 17570.919] (II) The server relies on udev to provide the list of input devices.
	If no devices become available, reconfigure udev or disable AutoAddDevices.
[ 17570.919] (II) Module ABI versions:
[ 17570.919] 	X.Org ANSI C Emulation: 0.4
[ 17570.919] 	X.Org Video Driver: 24.1
[ 17570.919] 	X.Org XInput driver : 24.1
[ 17570.919] 	X.Org Server Extension : 10.0
[ 17570.920] (++) using VT number 2

[ 17570.922] (II) systemd-logind: took control of session /org/freedesktop/login1/session/_33
[ 17570.924] (II) xfree86: Adding drm device (/dev/dri/card0)
[ 17570.925] (II) systemd-logind: got fd for /dev/dri/card0 226:0 fd 10 paused 0
[ 17570.931] (--) PCI:*(0@0:2:0) 8086:2a42:1028:0401 rev 7, Mem @ 0xf6c00000/4194304, 0xe0000000/268435456, I/O @ 0x0000efe8/8, BIOS @ 0x????????/131072
[ 17570.931] (--) PCI: (0@0:2:1) 8086:2a43:1028:0401 rev 7, Mem @ 0xf6b00000/1048576
[ 17570.931] (WW) Open ACPI failed (/var/run/acpid.socket) (No such file or directory)
[ 17570.931] (II) LoadModule: "glx"
[ 17570.931] (II) Loading /usr/lib/xorg/modules/extensions/libglx.so
[ 17570.934] (II) Module glx: vendor="X.Org Foundation"
[ 17570.934] 	compiled for 1.20.13, module version = 1.0.0
[ 17570.934] 	ABI class: X.Org Server Extension, version 10.0
[ 17570.934] (==) Matched intel as autoconfigured driver 0
[ 17570.934] (==) Matched modesetting as autoconfigured driver 1
[ 17570.934] (==) Matched fbdev as autoconfigured driver 2
[ 17570.934] (==) Matched vesa as autoconfigured driver 3
[ 17570.934] (==) Assigned the driver to the xf86ConfigLayout
[ 17570.934] (II) LoadModule: "intel"
[ 17570.934] (WW) Warning, couldn't open module intel
[ 17570.934] (EE) Failed to load module "intel" (module does not exist, 0)
[ 17570.934] (II) LoadModule: "modesetting"
[ 17570.934] (II) Loading /usr/lib/xorg/modules/drivers/modesetting_drv.so
[ 17570.935] (II) Module modesetting: vendor="X.Org Foundation"
[ 17570.935] 	compiled for 1.20.13, module version = 1.20.13
[ 17570.935] 	Module class: X.Org Video Driver
[ 17570.935] 	ABI class: X.Org Video Driver, version 24.1
[ 17570.935] (II) LoadModule: "fbdev"
[ 17570.935] (WW) Warning, couldn't open module fbdev
[ 17570.935] (EE) Failed to load module "fbdev" (module does not exist, 0)
[ 17570.935] (II) LoadModule: "vesa"
[ 17570.935] (WW) Warning, couldn't open module vesa
[ 17570.935] (EE) Failed to load module "vesa" (module does not exist, 0)
[ 17570.935] (II) modesetting: Driver for Modesetting Kernel Drivers: kms
[ 17570.936] (II) modeset(0): using drv /dev/dri/card0
[ 17570.936] (WW) VGA arbiter: cannot open kernel arbiter, no multi-card support
[ 17570.936] (II) modeset(0): Creating default Display subsection in Screen section
	"Default Screen Section" for depth/fbbpp 24/32
[ 17570.936] (==) modeset(0): Depth 24, (==) framebuffer bpp 32
[ 17570.936] (==) modeset(0): RGB weight 888
[ 17570.936] (==) modeset(0): Default visual is TrueColor
[ 17570.936] (II) Loading sub module "glamoregl"
[ 17570.936] (II) LoadModule: "glamoregl"
[ 17570.936] (II) Loading /usr/lib/xorg/modules/libglamoregl.so
[ 17570.941] (II) Module glamoregl: vendor="X.Org Foundation"
[ 17570.941] 	compiled for 1.20.13, module version = 1.0.1
[ 17570.941] 	ABI class: X.Org ANSI C Emulation, version 0.4
[ 17570.966] (II) modeset(0): glamor X acceleration enabled on Mesa DRI Mobile IntelÂ® GM45 Express Chipset (CTG)
[ 17570.966] (II) modeset(0): glamor initialized
[ 17570.966] (II) modeset(0): Output LVDS-1 has no monitor section
[ 17570.975] (II) modeset(0): Output VGA-1 has no monitor section
[ 17570.975] (II) modeset(0): Output DP-1 has no monitor section
[ 17570.975] (II) modeset(0): EDID for output LVDS-1
[ 17570.975] (II) modeset(0): Manufacturer: INL  Model: f  Serial#: 0
[ 17570.975] (II) modeset(0): Year: 2009  Week: 0
[ 17570.975] (II) modeset(0): EDID Version: 1.3
[ 17570.975] (II) modeset(0): Digital Display Input
[ 17570.975] (II) modeset(0): Max Image Size [cm]: horiz.: 31  vert.: 17
[ 17570.976] (II) modeset(0): Gamma: 2.20
[ 17570.976] (II) modeset(0): No DPMS capabilities specified
[ 17570.976] (II) modeset(0): Supported color encodings: RGB 4:4:4 YCrCb 4:4:4 
[ 17570.976] (II) modeset(0): First detailed timing is preferred mode
[ 17570.976] (II) modeset(0): redX: 0.620 redY: 0.340   greenX: 0.330 greenY: 0.605
[ 17570.976] (II) modeset(0): blueX: 0.150 blueY: 0.070   whiteX: 0.313 whiteY: 0.329
[ 17570.976] (II) modeset(0): Manufacturer's mask: 0
[ 17570.976] (II) modeset(0): Supported detailed timing:
[ 17570.976] (II) modeset(0): clock: 71.1 MHz   Image Size:  309 x 174 mm
[ 17570.976] (II) modeset(0): h_active: 1366  h_sync: 1397  h_sync_end 1418 h_blank_end 1493 h_border: 0
[ 17570.976] (II) modeset(0): v_active: 768  v_sync: 771  v_sync_end 775 v_blanking: 793 v_border: 0
[ 17570.976] (II) modeset(0): Supported detailed timing:
[ 17570.976] (II) modeset(0): clock: 71.1 MHz   Image Size:  309 x 174 mm
[ 17570.976] (II) modeset(0): h_active: 1366  h_sync: 1397  h_sync_end 1418 h_blank_end 1493 h_border: 0
[ 17570.976] (II) modeset(0): v_active: 768  v_sync: 771  v_sync_end 775 v_blanking: 793 v_border: 0
[ 17570.976] (II) modeset(0):  T920R€140GW02
[ 17570.976] (II) modeset(0): Unknown vendor-specific block 0
[ 17570.976] (II) modeset(0): EDID (in hex):
[ 17570.976] (II) modeset(0): 	00ffffffffffff0025cc0f0000000000
[ 17570.976] (II) modeset(0): 	00130103901f11780ac8859e57549b26
[ 17570.976] (II) modeset(0): 	12505400000001010101010101010101
[ 17570.976] (II) modeset(0): 	010101010101c61b567f500019301f15
[ 17570.976] (II) modeset(0): 	340035ae1000001ac61b567f50001930
[ 17570.976] (II) modeset(0): 	1f15340035ae10000000000000fe0054
[ 17570.976] (II) modeset(0): 	39323052803134304757303200000000
[ 17570.976] (II) modeset(0): 	00000000000000000001010a20200082
[ 17570.976] (II) modeset(0): Printing probed modes for output LVDS-1
[ 17570.976] (II) modeset(0): Modeline "1366x768"x60.1   71.10  1366 1397 1418 1493  768 771 775 793 +hsync -vsync (47.6 kHz eP)
[ 17570.976] (II) modeset(0): Modeline "1366x768"x60.1   71.10  1366 1397 1418 1493  768 771 775 793 -hsync -vsync (47.6 kHz e)
[ 17570.976] (II) modeset(0): Modeline "1280x720"x120.0  156.12  1280 1376 1512 1744  720 721 724 746 doublescan -hsync +vsync (89.5 kHz d)
[ 17570.976] (II) modeset(0): Modeline "1280x720"x120.0  120.75  1280 1304 1320 1360  720 721 724 740 doublescan +hsync -vsync (88.8 kHz d)
[ 17570.976] (II) modeset(0): Modeline "1280x720"x59.9   74.50  1280 1344 1472 1664  720 723 728 748 -hsync +vsync (44.8 kHz d)
[ 17570.976] (II) modeset(0): Modeline "1280x720"x59.7   63.75  1280 1328 1360 1440  720 723 728 741 +hsync -vsync (44.3 kHz d)
[ 17570.976] (II) modeset(0): Modeline "1024x768"x120.1  133.47  1024 1100 1212 1400  768 768 770 794 doublescan -hsync +vsync (95.3 kHz d)
[ 17570.976] (II) modeset(0): Modeline "1024x768"x60.0   65.00  1024 1048 1184 1344  768 771 777 806 -hsync -vsync (48.4 kHz d)
[ 17570.976] (II) modeset(0): Modeline "960x720"x120.0  117.00  960 1024 1128 1300  720 720 722 750 doublescan -hsync +vsync (90.0 kHz d)
[ 17570.976] (II) modeset(0): Modeline "928x696"x120.1  109.15  928 976 1088 1264  696 696 698 719 doublescan -hsync +vsync (86.4 kHz d)
[ 17570.976] (II) modeset(0): Modeline "896x672"x120.0  102.40  896 960 1060 1224  672 672 674 697 doublescan -hsync +vsync (83.7 kHz d)
[ 17570.977] (II) modeset(0): Modeline "1024x576"x119.9   98.50  1024 1092 1200 1376  576 577 580 597 doublescan -hsync +vsync (71.6 kHz d)
[ 17570.977] (II) modeset(0): Modeline "1024x576"x119.9   78.38  1024 1048 1064 1104  576 577 580 592 doublescan +hsync -vsync (71.0 kHz d)
[ 17570.977] (II) modeset(0): Modeline "1024x576"x59.9   46.50  1024 1064 1160 1296  576 579 584 599 -hsync +vsync (35.9 kHz d)
[ 17570.977] (II) modeset(0): Modeline "1024x576"x59.8   42.00  1024 1072 1104 1184  576 579 584 593 +hsync -vsync (35.5 kHz d)
[ 17570.977] (II) modeset(0): Modeline "960x600"x119.9   96.62  960 1028 1128 1296  600 601 604 622 doublescan -hsync +vsync (74.6 kHz d)
[ 17570.977] (II) modeset(0): Modeline "960x600"x120.0   77.00  960 984 1000 1040  600 601 604 617 doublescan +hsync -vsync (74.0 kHz d)
[ 17570.977] (II) modeset(0): Modeline "960x540"x119.9   86.50  960 1024 1124 1288  540 541 544 560 doublescan -hsync +vsync (67.2 kHz d)
[ 17570.977] (II) modeset(0): Modeline "960x540"x120.0   69.25  960 984 1000 1040  540 541 544 555 doublescan +hsync -vsync (66.6 kHz d)
[ 17570.977] (II) modeset(0): Modeline "960x540"x59.6   40.75  960 992 1088 1216  540 543 548 562 -hsync +vsync (33.5 kHz d)
[ 17570.977] (II) modeset(0): Modeline "960x540"x59.8   37.25  960 1008 1040 1120  540 543 548 556 +hsync -vsync (33.3 kHz d)
[ 17570.977] (II) modeset(0): Modeline "800x600"x120.0   81.00  800 832 928 1080  600 600 602 625 doublescan +hsync +vsync (75.0 kHz d)
[ 17570.977] (II) modeset(0): Modeline "800x600"x60.3   40.00  800 840 968 1056  600 601 605 628 +hsync +vsync (37.9 kHz d)
[ 17570.977] (II) modeset(0): Modeline "800x600"x56.2   36.00  800 824 896 1024  600 601 603 625 +hsync +vsync (35.2 kHz d)
[ 17570.977] (II) modeset(0): Modeline "840x525"x120.0   73.12  840 892 980 1120  525 526 529 544 doublescan -hsync +vsync (65.3 kHz d)
[ 17570.977] (II) modeset(0): Modeline "840x525"x119.8   59.50  840 864 880 920  525 526 529 540 doublescan +hsync -vsync (64.7 kHz d)
[ 17570.977] (II) modeset(0): Modeline "864x486"x59.9   32.50  864 888 968 1072  486 489 494 506 -hsync +vsync (30.3 kHz d)
[ 17570.977] (II) modeset(0): Modeline "864x486"x59.6   30.50  864 912 944 1024  486 489 494 500 +hsync -vsync (29.8 kHz d)
[ 17570.977] (II) modeset(0): Modeline "700x525"x120.0   61.00  700 744 820 940  525 526 532 541 doublescan +hsync +vsync (64.9 kHz d)
[ 17570.977] (II) modeset(0): Modeline "800x450"x119.9   59.12  800 848 928 1056  450 451 454 467 doublescan -hsync +vsync (56.0 kHz d)
[ 17570.977] (II) modeset(0): Modeline "800x450"x119.6   48.75  800 824 840 880  450 451 454 463 doublescan +hsync -vsync (55.4 kHz d)
[ 17570.977] (II) modeset(0): Modeline "640x512"x120.0   54.00  640 664 720 844  512 512 514 533 doublescan +hsync +vsync (64.0 kHz d)
[ 17570.977] (II) modeset(0): Modeline "700x450"x119.9   51.75  700 740 812 924  450 451 456 467 doublescan -hsync +vsync (56.0 kHz d)
[ 17570.977] (II) modeset(0): Modeline "700x450"x119.8   43.25  700 724 740 780  450 451 456 463 doublescan +hsync -vsync (55.4 kHz d)
[ 17570.977] (II) modeset(0): Modeline "640x480"x120.0   54.00  640 688 744 900  480 480 482 500 doublescan +hsync +vsync (60.0 kHz d)
[ 17570.977] (II) modeset(0): Modeline "640x480"x59.9   25.18  640 656 752 800  480 490 492 525 -hsync -vsync (31.5 kHz d)
[ 17570.977] (II) modeset(0): Modeline "720x405"x59.5   22.50  720 744 808 896  405 408 413 422 -hsync +vsync (25.1 kHz d)
[ 17570.977] (II) modeset(0): Modeline "720x405"x59.0   21.75  720 768 800 880  405 408 413 419 +hsync -vsync (24.7 kHz d)
[ 17570.977] (II) modeset(0): Modeline "684x384"x119.8   42.62  684 720 788 892  384 385 390 399 doublescan -hsync +vsync (47.8 kHz d)
[ 17570.977] (II) modeset(0): Modeline "684x384"x119.7   36.12  684 708 724 764  384 385 390 395 doublescan +hsync -vsync (47.3 kHz d)
[ 17570.977] (II) modeset(0): Modeline "640x400"x119.8   41.75  640 676 740 840  400 401 404 415 doublescan -hsync +vsync (49.7 kHz d)
[ 17570.977] (II) modeset(0): Modeline "640x400"x120.0   35.50  640 664 680 720  400 401 404 411 doublescan +hsync -vsync (49.3 kHz d)
[ 17570.977] (II) modeset(0): Modeline "640x360"x119.7   37.25  640 672 736 832  360 361 364 374 doublescan -hsync +vsync (44.8 kHz d)
[ 17570.977] (II) modeset(0): Modeline "640x360"x119.7   31.88  640 664 680 720  360 361 364 370 doublescan +hsync -vsync (44.3 kHz d)
[ 17570.977] (II) modeset(0): Modeline "640x360"x59.8   18.00  640 664 720 800  360 363 368 376 -hsync +vsync (22.5 kHz d)
[ 17570.977] (II) modeset(0): Modeline "640x360"x59.3   17.75  640 688 720 800  360 363 368 374 +hsync -vsync (22.2 kHz d)
[ 17570.977] (II) modeset(0): Modeline "512x384"x120.0   32.50  512 524 592 672  384 385 388 403 doublescan -hsync -vsync (48.4 kHz d)
[ 17570.977] (II) modeset(0): Modeline "512x288"x120.0   23.25  512 532 580 648  288 289 292 299 doublescan -hsync +vsync (35.9 kHz d)
[ 17570.977] (II) modeset(0): Modeline "512x288"x119.8   21.00  512 536 552 592  288 289 292 296 doublescan +hsync -vsync (35.5 kHz d)
[ 17570.977] (II) modeset(0): Modeline "480x270"x119.3   20.38  480 496 544 608  270 271 274 281 doublescan -hsync +vsync (33.5 kHz d)
[ 17570.977] (II) modeset(0): Modeline "480x270"x119.6   18.62  480 504 520 560  270 271 274 278 doublescan +hsync -vsync (33.3 kHz d)
[ 17570.977] (II) modeset(0): Modeline "400x300"x120.6   20.00  400 420 484 528  300 300 302 314 doublescan +hsync +vsync (37.9 kHz d)
[ 17570.977] (II) modeset(0): Modeline "400x300"x112.7   18.00  400 412 448 512  300 300 301 312 doublescan +hsync +vsync (35.2 kHz d)
[ 17570.977] (II) modeset(0): Modeline "432x243"x119.8   16.25  432 444 484 536  243 244 247 253 doublescan -hsync +vsync (30.3 kHz d)
[ 17570.977] (II) modeset(0): Modeline "432x243"x119.1   15.25  432 456 472 512  243 244 247 250 doublescan +hsync -vsync (29.8 kHz d)
[ 17570.977] (II) modeset(0): Modeline "320x240"x120.1   12.59  320 328 376 400  240 245 246 262 doublescan -hsync -vsync (31.5 kHz d)
[ 17570.977] (II) modeset(0): Modeline "360x202"x119.0   11.25  360 372 404 448  202 204 206 211 doublescan -hsync +vsync (25.1 kHz d)
[ 17570.977] (II) modeset(0): Modeline "360x202"x118.3   10.88  360 384 400 440  202 204 206 209 doublescan +hsync -vsync (24.7 kHz d)
[ 17570.977] (II) modeset(0): Modeline "320x180"x119.7    9.00  320 332 360 400  180 181 184 188 doublescan -hsync +vsync (22.5 kHz d)
[ 17570.977] (II) modeset(0): Modeline "320x180"x118.6    8.88  320 344 360 400  180 181 184 187 doublescan +hsync -vsync (22.2 kHz d)
[ 17570.986] (II) modeset(0): EDID for output VGA-1
[ 17570.986] (II) modeset(0): EDID for output DP-1
[ 17570.986] (II) modeset(0): Output LVDS-1 connected
[ 17570.986] (II) modeset(0): Output VGA-1 disconnected
[ 17570.986] (II) modeset(0): Output DP-1 disconnected
[ 17570.986] (II) modeset(0): Using exact sizes for initial modes
[ 17570.986] (II) modeset(0): Output LVDS-1 using initial mode 1366x768 +0+0
[ 17570.986] (==) modeset(0): Using gamma correction (1.0, 1.0, 1.0)
[ 17570.987] (==) modeset(0): DPI set to (96, 96)
[ 17570.987] (II) Loading sub module "fb"
[ 17570.987] (II) LoadModule: "fb"
[ 17570.987] (II) Loading /usr/lib/xorg/modules/libfb.so
[ 17570.987] (II) Module fb: vendor="X.Org Foundation"
[ 17570.987] 	compiled for 1.20.13, module version = 1.0.0
[ 17570.987] 	ABI class: X.Org ANSI C Emulation, version 0.4
[ 17571.005] (==) modeset(0): Backing store enabled
[ 17571.005] (==) modeset(0): Silken mouse disabled
[ 17571.038] (II) modeset(0): Initializing kms color map for depth 24, 8 bpc.
[ 17571.038] (==) modeset(0): DPMS enabled
[ 17571.038] (II) modeset(0): [DRI2] Setup complete
[ 17571.038] (II) modeset(0): [DRI2]   DRI driver: i965
[ 17571.038] (II) modeset(0): [DRI2]   VDPAU driver: va_gl
[ 17571.038] (II) Initializing extension Generic Event Extension
[ 17571.038] (II) Initializing extension SHAPE
[ 17571.038] (II) Initializing extension MIT-SHM
[ 17571.038] (II) Initializing extension XInputExtension
[ 17571.038] (II) Initializing extension XTEST
[ 17571.038] (II) Initializing extension BIG-REQUESTS
[ 17571.038] (II) Initializing extension SYNC
[ 17571.038] (II) Initializing extension XKEYBOARD
[ 17571.038] (II) Initializing extension XC-MISC
[ 17571.038] (II) Initializing extension SECURITY
[ 17571.038] (II) Initializing extension XFIXES
[ 17571.038] (II) Initializing extension RENDER
[ 17571.038] (II) Initializing extension RANDR
[ 17571.038] (II) Initializing extension COMPOSITE
[ 17571.038] (II) Initializing extension DAMAGE
[ 17571.038] (II) Initializing extension MIT-SCREEN-SAVER
[ 17571.038] (II) Initializing extension DOUBLE-BUFFER
[ 17571.038] (II) Initializing extension RECORD
[ 17571.038] (II) Initializing extension DPMS
[ 17571.038] (II) Initializing extension Present
[ 17571.038] (II) Initializing extension DRI3
[ 17571.038] (II) Initializing extension X-Resource
[ 17571.038] (II) Initializing extension XVideo
[ 17571.038] (II) Initializing extension XVideo-MotionCompensation
[ 17571.038] (II) Initializing extension GLX
[ 17571.043] (II) AIGLX: Loaded and initialized i965
[ 17571.043] (II) GLX: Initialized DRI2 GL provider for screen 0
[ 17571.043] (II) Initializing extension XFree86-VidModeExtension
[ 17571.043] (II) Initializing extension XFree86-DGA
[ 17571.043] (II) Initializing extension XFree86-DRI
[ 17571.043] (II) Initializing extension DRI2
[ 17571.044] (II) modeset(0): Damage tracking initialized
[ 17571.044] (II) modeset(0): Setting screen physical size to 361 x 203
[ 17571.117] (II) config/udev: Adding input device Video Bus (/dev/input/event10)
[ 17571.117] (**) Video Bus: Applying InputClass "libinput keyboard catchall"
[ 17571.117] (II) LoadModule: "libinput"
[ 17571.117] (II) Loading /usr/lib/xorg/modules/input/libinput_drv.so
[ 17571.119] (II) Module libinput: vendor="X.Org Foundation"
[ 17571.119] 	compiled for 1.20.13, module version = 1.2.0
[ 17571.119] 	Module class: X.Org XInput Driver
[ 17571.119] 	ABI class: X.Org XInput driver, version 24.1
[ 17571.119] (II) Using input driver 'libinput' for 'Video Bus'
[ 17571.121] (II) systemd-logind: got fd for /dev/input/event10 13:74 fd 15 paused 0
[ 17571.121] (**) Video Bus: always reports core events
[ 17571.121] (**) Option "Device" "/dev/input/event10"
[ 17571.121] (**) Option "_source" "server/udev"
[ 17571.125] (II) event10 - Video Bus: is tagged by udev as: Keyboard
[ 17571.125] (II) event10 - Video Bus: device is a keyboard
[ 17571.125] (II) event10 - Video Bus: device removed
[ 17571.125] (**) Option "config_info" "udev:/sys/devices/LNXSYSTM:00/LNXSYBUS:00/PNP0A03:00/LNXVIDEO:00/input/input11/event10"
[ 17571.125] (II) XINPUT: Adding extended input device "Video Bus" (type: KEYBOARD, id 6)
[ 17571.127] (II) event10 - Video Bus: is tagged by udev as: Keyboard
[ 17571.127] (II) event10 - Video Bus: device is a keyboard
[ 17571.128] (II) config/udev: Adding input device Power Button (/dev/input/event1)
[ 17571.128] (**) Power Button: Applying InputClass "libinput keyboard catchall"
[ 17571.128] (II) Using input driver 'libinput' for 'Power Button'
[ 17571.129] (II) systemd-logind: got fd for /dev/input/event1 13:65 fd 18 paused 0
[ 17571.130] (**) Power Button: always reports core events
[ 17571.130] (**) Option "Device" "/dev/input/event1"
[ 17571.130] (**) Option "_source" "server/udev"
[ 17571.132] (II) event1  - Power Button: is tagged by udev as: Keyboard
[ 17571.132] (II) event1  - Power Button: device is a keyboard
[ 17571.132] (II) event1  - Power Button: device removed
[ 17571.133] (**) Option "config_info" "udev:/sys/devices/LNXSYSTM:00/LNXSYBUS:00/PNP0C0C:00/input/input1/event1"
[ 17571.133] (II) XINPUT: Adding extended input device "Power Button" (type: KEYBOARD, id 7)
[ 17571.135] (II) event1  - Power Button: is tagged by udev as: Keyboard
[ 17571.135] (II) event1  - Power Button: device is a keyboard
[ 17571.137] (II) config/udev: Adding input device Lid Switch (/dev/input/event0)
[ 17571.137] (II) No input driver specified, ignoring this device.
[ 17571.137] (II) This device may have been added with another device file.
[ 17571.139] (II) config/udev: Adding input device Sleep Button (/dev/input/event2)
[ 17571.139] (**) Sleep Button: Applying InputClass "libinput keyboard catchall"
[ 17571.139] (II) Using input driver 'libinput' for 'Sleep Button'
[ 17571.140] (II) systemd-logind: got fd for /dev/input/event2 13:66 fd 19 paused 0
[ 17571.140] (**) Sleep Button: always reports core events
[ 17571.140] (**) Option "Device" "/dev/input/event2"
[ 17571.140] (**) Option "_source" "server/udev"
[ 17571.142] (II) event2  - Sleep Button: is tagged by udev as: Keyboard
[ 17571.142] (II) event2  - Sleep Button: device is a keyboard
[ 17571.143] (II) event2  - Sleep Button: device removed
[ 17571.143] (**) Option "config_info" "udev:/sys/devices/LNXSYSTM:00/LNXSYBUS:00/PNP0C0E:00/input/input2/event2"
[ 17571.143] (II) XINPUT: Adding extended input device "Sleep Button" (type: KEYBOARD, id 8)
[ 17571.145] (II) event2  - Sleep Button: is tagged by udev as: Keyboard
[ 17571.145] (II) event2  - Sleep Button: device is a keyboard
[ 17571.147] (II) config/udev: Adding input device HDA Intel Headphone (/dev/input/event8)
[ 17571.147] (II) No input driver specified, ignoring this device.
[ 17571.147] (II) This device may have been added with another device file.
[ 17571.148] (II) config/udev: Adding input device HDA Intel Mic (/dev/input/event7)
[ 17571.148] (II) No input driver specified, ignoring this device.
[ 17571.148] (II) This device may have been added with another device file.
[ 17571.149] (II) config/udev: Adding input device Integrated_Webcam_2M: Integrate (/dev/input/event5)
[ 17571.149] (**) Integrated_Webcam_2M: Integrate: Applying InputClass "libinput keyboard catchall"
[ 17571.149] (II) Using input driver 'libinput' for 'Integrated_Webcam_2M: Integrate'
[ 17571.151] (II) systemd-logind: got fd for /dev/input/event5 13:69 fd 20 paused 0
[ 17571.151] (**) Integrated_Webcam_2M: Integrate: always reports core events
[ 17571.151] (**) Option "Device" "/dev/input/event5"
[ 17571.151] (**) Option "_source" "server/udev"
[ 17571.153] (II) event5  - Integrated_Webcam_2M: Integrate: is tagged by udev as: Keyboard
[ 17571.153] (II) event5  - Integrated_Webcam_2M: Integrate: device is a keyboard
[ 17571.153] (II) event5  - Integrated_Webcam_2M: Integrate: device removed
[ 17571.153] (**) Option "config_info" "udev:/sys/devices/pci0000:00/0000:00:1d.7/usb2/2-5/2-5:1.0/input/input7/event5"
[ 17571.153] (II) XINPUT: Adding extended input device "Integrated_Webcam_2M: Integrate" (type: KEYBOARD, id 9)
[ 17571.155] (II) event5  - Integrated_Webcam_2M: Integrate: is tagged by udev as: Keyboard
[ 17571.155] (II) event5  - Integrated_Webcam_2M: Integrate: device is a keyboard
[ 17571.156] (II) config/udev: Adding input device Dell WMI hotkeys (/dev/input/event6)
[ 17571.157] (**) Dell WMI hotkeys: Applying InputClass "libinput keyboard catchall"
[ 17571.157] (II) Using input driver 'libinput' for 'Dell WMI hotkeys'
[ 17571.158] (II) systemd-logind: got fd for /dev/input/event6 13:70 fd 21 paused 0
[ 17571.158] (**) Dell WMI hotkeys: always reports core events
[ 17571.158] (**) Option "Device" "/dev/input/event6"
[ 17571.158] (**) Option "_source" "server/udev"
[ 17571.160] (II) event6  - Dell WMI hotkeys: is tagged by udev as: Keyboard
[ 17571.160] (II) event6  - Dell WMI hotkeys: device is a keyboard
[ 17571.160] (II) event6  - Dell WMI hotkeys: device removed
[ 17571.160] (**) Option "config_info" "udev:/sys/devices/platform/PNP0C14:00/wmi_bus/wmi_bus-PNP0C14:00/9DBB5994-A997-11DA-B012-B622A1EF5492/input/input8/event6"
[ 17571.160] (II) XINPUT: Adding extended input device "Dell WMI hotkeys" (type: KEYBOARD, id 10)
[ 17571.162] (II) event6  - Dell WMI hotkeys: is tagged by udev as: Keyboard
[ 17571.163] (II) event6  - Dell WMI hotkeys: device is a keyboard
[ 17571.164] (II) config/udev: Adding input device AT Translated Set 2 keyboard (/dev/input/event3)
[ 17571.164] (**) AT Translated Set 2 keyboard: Applying InputClass "libinput keyboard catchall"
[ 17571.164] (II) Using input driver 'libinput' for 'AT Translated Set 2 keyboard'
[ 17571.165] (II) systemd-logind: got fd for /dev/input/event3 13:67 fd 22 paused 0
[ 17571.165] (**) AT Translated Set 2 keyboard: always reports core events
[ 17571.165] (**) Option "Device" "/dev/input/event3"
[ 17571.165] (**) Option "_source" "server/udev"
[ 17571.167] (II) event3  - AT Translated Set 2 keyboard: is tagged by udev as: Keyboard
[ 17571.167] (II) event3  - AT Translated Set 2 keyboard: device is a keyboard
[ 17571.168] (II) event3  - AT Translated Set 2 keyboard: device removed
[ 17571.168] (**) Option "config_info" "udev:/sys/devices/platform/i8042/serio0/input/input3/event3"
[ 17571.169] (II) XINPUT: Adding extended input device "AT Translated Set 2 keyboard" (type: KEYBOARD, id 11)
[ 17571.170] (II) event3  - AT Translated Set 2 keyboard: is tagged by udev as: Keyboard
[ 17571.170] (II) event3  - AT Translated Set 2 keyboard: device is a keyboard
[ 17571.172] (II) config/udev: Adding input device AlpsPS/2 ALPS GlidePoint (/dev/input/event9)
[ 17571.172] (**) AlpsPS/2 ALPS GlidePoint: Applying InputClass "libinput touchpad catchall"
[ 17571.172] (II) Using input driver 'libinput' for 'AlpsPS/2 ALPS GlidePoint'
[ 17571.174] (II) systemd-logind: got fd for /dev/input/event9 13:73 fd 23 paused 0
[ 17571.174] (**) AlpsPS/2 ALPS GlidePoint: always reports core events
[ 17571.174] (**) Option "Device" "/dev/input/event9"
[ 17571.174] (**) Option "_source" "server/udev"
[ 17571.175] (II) event9  - AlpsPS/2 ALPS GlidePoint: is tagged by udev as: Touchpad
[ 17571.176] (II) event9  - AlpsPS/2 ALPS GlidePoint: no resolution or size hints, assuming a size of 69x50mm
[ 17571.177] (II) event9  - AlpsPS/2 ALPS GlidePoint: device is a touchpad
[ 17571.178] (II) event9  - AlpsPS/2 ALPS GlidePoint: device removed
[ 17571.178] (**) Option "config_info" "udev:/sys/devices/platform/i8042/serio1/input/input6/event9"
[ 17571.178] (II) XINPUT: Adding extended input device "AlpsPS/2 ALPS GlidePoint" (type: TOUCHPAD, id 12)
[ 17571.179] (**) Option "AccelerationScheme" "none"
[ 17571.179] (**) AlpsPS/2 ALPS GlidePoint: (accel) selected scheme none/0
[ 17571.179] (**) AlpsPS/2 ALPS GlidePoint: (accel) acceleration factor: 2.000
[ 17571.179] (**) AlpsPS/2 ALPS GlidePoint: (accel) acceleration threshold: 4
[ 17571.181] (II) event9  - AlpsPS/2 ALPS GlidePoint: is tagged by udev as: Touchpad
[ 17571.181] (II) event9  - AlpsPS/2 ALPS GlidePoint: no resolution or size hints, assuming a size of 69x50mm
[ 17571.183] (II) event9  - AlpsPS/2 ALPS GlidePoint: device is a touchpad
[ 17571.184] (II) config/udev: Adding input device AlpsPS/2 ALPS GlidePoint (/dev/input/mouse0)
[ 17571.184] (II) No input driver specified, ignoring this device.
[ 17571.184] (II) This device may have been added with another device file.
[ 17571.185] (II) config/udev: Adding input device PC Speaker (/dev/input/event4)
[ 17571.185] (II) No input driver specified, ignoring this device.
[ 17571.185] (II) This device may have been added with another device file.
[ 17571.467] (II) modeset(0): EDID vendor "INL", prod id 15
[ 17571.467] (II) modeset(0): DDCModeFromDetailedTiming: 1366x768 Warning: We only handle separate sync.
[ 17571.468] (II) modeset(0): Printing DDC gathered Modelines:
[ 17571.468] (II) modeset(0): Modeline "1366x768"x0.0   71.10  1366 1397 1418 1493  768 771 775 793 +hsync -vsync (47.6 kHz eP)
[ 17571.468] (II) modeset(0): Modeline "1366x768"x0.0   71.10  1366 1397 1418 1493  768 771 775 793 -hsync -vsync (47.6 kHz e)
[ 17582.230] (**) Option "fd" "15"
[ 17582.230] (II) event10 - Video Bus: device removed
[ 17582.230] (**) Option "fd" "18"
[ 17582.230] (II) event1  - Power Button: device removed
[ 17582.230] (**) Option "fd" "19"
[ 17582.230] (II) event2  - Sleep Button: device removed
[ 17582.230] (**) Option "fd" "20"
[ 17582.230] (II) event5  - Integrated_Webcam_2M: Integrate: device removed
[ 17582.231] (**) Option "fd" "21"
[ 17582.231] (II) event6  - Dell WMI hotkeys: device removed
[ 17582.231] (**) Option "fd" "22"
[ 17582.231] (II) event3  - AT Translated Set 2 keyboard: device removed
[ 17582.231] (**) Option "fd" "23"
[ 17582.231] (II) event9  - AlpsPS/2 ALPS GlidePoint: device removed
[ 17582.246] (II) UnloadModule: "libinput"
[ 17582.246] (II) systemd-logind: releasing fd for 13:73
[ 17582.266] (II) UnloadModule: "libinput"
[ 17582.266] (II) systemd-logind: releasing fd for 13:67
[ 17582.286] (II) UnloadModule: "libinput"
[ 17582.286] (II) systemd-logind: releasing fd for 13:70
[ 17582.309] (II) UnloadModule: "libinput"
[ 17582.310] (II) systemd-logind: releasing fd for 13:69
[ 17582.323] (II) UnloadModule: "libinput"
[ 17582.323] (II) systemd-logind: releasing fd for 13:66
[ 17582.343] (II) UnloadModule: "libinput"
[ 17582.343] (II) systemd-logind: releasing fd for 13:65
[ 17582.356] (II) UnloadModule: "libinput"
[ 17582.356] (II) systemd-logind: releasing fd for 13:74
[ 17582.412] (II) Server terminated successfully (0). Closing log file.
